=/pretest.json
{
  _: [],
  f: [
    '/home/runner/work/exp-liquid-film-resistance-for-a-solid-liquid-reaction-in-stirred-cell-iitb/exp-liquid-film-resistance-for-a-solid-liquid-reaction-in-stirred-cell-iitb/experiment/pretest.json'
  ],
  files: [
    '/home/runner/work/exp-liquid-film-resistance-for-a-solid-liquid-reaction-in-stirred-cell-iitb/exp-liquid-film-resistance-for-a-solid-liquid-reaction-in-stirred-cell-iitb/experiment/pretest.json'
  ],
  c: 'assessment',
  contentTypes: 'assessment',
  'content-types': 'assessment',
  '$0': 'validate'
}
Validated true
=/posttest.json
{
  _: [],
  f: [
    '/home/runner/work/exp-liquid-film-resistance-for-a-solid-liquid-reaction-in-stirred-cell-iitb/exp-liquid-film-resistance-for-a-solid-liquid-reaction-in-stirred-cell-iitb/experiment/posttest.json'
  ],
  files: [
    '/home/runner/work/exp-liquid-film-resistance-for-a-solid-liquid-reaction-in-stirred-cell-iitb/exp-liquid-film-resistance-for-a-solid-liquid-reaction-in-stirred-cell-iitb/experiment/posttest.json'
  ],
  c: 'assessment',
  contentTypes: 'assessment',
  'content-types': 'assessment',
  '$0': 'validate'
}
Validated true
